synthesis:  version Radiant Software (64-bit) 1.1.0.165.1

Copyright (c) 1991-1994 by NeoCAD Inc. All rights reserved.
Copyright (c) 1995 AT&T Corp.   All rights reserved.
Copyright (c) 1995-2001 Lucent Technologies Inc.  All rights reserved.
Copyright (c) 2001 Agere Systems   All rights reserved.
Copyright (c) 2002-2019 Lattice Semiconductor Corporation,  All rights reserved.
Sun Sep 01 05:48:01 2019


Command Line:  synthesis -f C:\development\FPGA\spin_clock_ice\pll\for_lse\pll.lseproj 

Synthesis options:
The -a option is iCE40UP.
The -t option is SG48.
The -sp option is High-Performance_1.2V.
The -p option is iCE40UP5K.
                                                          


##########################################################


### Lattice Family     : iCE40UP


### Device             : iCE40UP5K


### Package            : SG48


### Performance Grade  : High-Performance_1.2V


                                                         


INFO - synthesis: User-Selected Strategy Settings
Optimization goal = Area
Top-level module name = pll.
Target frequency = 1.000000 MHz.
Maximum fanout = 1000.
Timing path count = 3
RWCheckOnRam = 0

BRAM utilization = 100.000000 %
DSP usage = true
DSP utilization = 100.000000 %
fsm_encoding_style = auto
resolve_mixed_drivers = 0
fix_gated_clocks = 1


WARNING - synthesis: -mux_style option is not applicable for this architecture. Will be ignored.
Use Carry Chain = true
carry_chain_length = 0
Loop Limit = 1950.
Use IO Insertion = TRUE
Use IO Reg = AUTO

Resource Sharing = TRUE
Propagate Constants = TRUE
Remove Duplicate Registers = TRUE
WARNING - synthesis: -force_gsr option is not applicable for this architecture. Will be ignored.
Output HDL file name = pll.vm.
ROM style = auto
RAM style = auto
The -comp option is FALSE.
The -syn option is FALSE.
Verilog design file = C:\development\FPGA\spin_clock_ice\pll\rtl\pll.v
The -r option is OFF. [ Remove LOC Properties is OFF. ]
Compile design.
Compile Design Begin
Analyzing Verilog file c:/development/fpga/spin_clock_ice/pll/rtl/pll.v. VERI-1482
Analyzing Verilog file C:/lscc/radiant/1.1/ispfpga/../cae_library/synthesis/verilog/iCE40UP.v. VERI-1482
Top module name (Verilog): pll
INFO - synthesis: c:/development/fpga/spin_clock_ice/pll/rtl/pll.v(10): compiling module pll. VERI-1018
INFO - synthesis: c:/development/fpga/spin_clock_ice/pll/rtl/pll.v(75): compiling module pll_ipgen_lscc_pll(DIVR="0",DIVF="21",DIVQ="5",FILTER_RANGE="4",PLLOUT_SELECT_PORTA="GENCLK",PLLOUT_SELECT_PORTB="GENCLK",FREQUENCY_PIN_REFERENCECLK="48.000000"). VERI-1018
INFO - synthesis: C:/lscc/radiant/1.1/ispfpga/../cae_library/synthesis/verilog/iCE40UP.v(428): compiling module PLL_B(PLLOUT_SELECT_PORTA="GENCLK",PLLOUT_SELECT_PORTB="GENCLK",DIVF="21",DIVQ="5",FILTER_RANGE="4",FREQUENCY_PIN_REFERENCECLK="48.000000"). VERI-1018
WARNING - synthesis: c:/development/fpga/spin_clock_ice/pll/rtl/pll.v(18): input port sclk_i is not connected on this instance. VDB-1013
WARNING - synthesis: c:/development/fpga/spin_clock_ice/pll/rtl/pll.v(18): input port sdi_i is not connected on this instance. VDB-1013
Loading device for application lse from file 'itpa08.nph' in environment: C:/lscc/radiant/1.1/ispfpga.
                                                         


### Number of Logic Cells: 5280


### Number of RAM Blocks: 30


### Number of DSP Blocks: 8


### Number of PLLs: 1


### Number of IO Pins: 56


##########################################################


                                                         


WARNING - synthesis: c:/development/fpga/spin_clock_ice/pll/rtl/pll.v(18): input port sclk_i is not connected on this instance. VDB-1013
WARNING - synthesis: c:/development/fpga/spin_clock_ice/pll/rtl/pll.v(18): input port sdi_i is not connected on this instance. VDB-1013
WARNING - synthesis: c:/development/fpga/spin_clock_ice/pll/rtl/pll.v(18): input port sclk_i is not connected on this instance. VDB-1013
WARNING - synthesis: c:/development/fpga/spin_clock_ice/pll/rtl/pll.v(18): input port sdi_i is not connected on this instance. VDB-1013
WARNING - synthesis: c:/development/fpga/spin_clock_ice/pll/rtl/pll.v(94): net \lscc_pll_inst/sclk_i does not have a driver. VDB-1002
WARNING - synthesis: c:/development/fpga/spin_clock_ice/pll/rtl/pll.v(95): net \lscc_pll_inst/sdi_i does not have a driver. VDB-1002
######## Missing driver on net \lscc_pll_inst/sclk_i. Patching with GND.
######## Missing driver on net \lscc_pll_inst/sdi_i. Patching with GND.




################### Begin Area Report (pll)######################
Number of register bits => 0 of 5280 (0 % )
IB => 2
OB => 4
PLL_B => 1
################### End Area Report ##################
Number of odd-length carry chains : 0
Number of even-length carry chains : 0

################### Begin Clock Report ######################
Clock Nets
Number of Clocks: 5
  Net : lscc_pll_inst/outglobal_o_c, loads : 1
  Net : ref_clk_i_c, loads : 1
  Net : lscc_pll_inst/outcoreb_o_c, loads : 1
  Net : lscc_pll_inst/outcore_o_c, loads : 1
  Net : lscc_pll_inst/outglobalb_o_c, loads : 1
Clock Enable Nets
Number of Clock Enables: 0
Highest fanout non-clock nets
Top 10 highest fanout non-clock nets:
  Net : rst_n_i_c, loads : 1
  Net : lscc_pll_inst/feedback_w, loads : 1
  Net : outcoreb_o, loads : 0
  Net : outcore_o, loads : 0
  Net : outglobal_o, loads : 0
  Net : outglobalb_o, loads : 0
################### End Clock Report ##################

Peak Memory Usage: 45.504  MB

--------------------------------------------------------------
Total CPU time for LSE flow : 1.014  secs
Total REAL time for LSE flow : 1.000  secs
--------------------------------------------------------------
